\BOOKMARK [1][-]{section.1}{\376\377\000I\000n\000t\000r\000o\000d\000u\000c\000t\000i\000o\000n}{}% 1
\BOOKMARK [2][-]{subsection.1.1}{\376\377\000C\000o\000n\000t\000r\000i\000b\000u\000t\000i\000o\000n\000s}{section.1}% 2
\BOOKMARK [2][-]{subsection.1.2}{\376\377\000R\000e\000l\000a\000t\000i\000o\000n\000\040\000t\000o\000\040\000P\000r\000i\000o\000r\000\040\000W\000o\000r\000k}{section.1}% 3
\BOOKMARK [1][-]{section.2}{\376\377\000C\000a\000t\000e\000g\000o\000r\000i\000c\000a\000l\000\040\000A\000u\000d\000i\000o\000\040\000S\000t\000a\000t\000e}{}% 4
\BOOKMARK [1][-]{section.3}{\376\377\000T\000h\000e\000\040\000L\000i\000s\000t\000e\000n\000i\000n\000g\000\040\000L\000i\000b\000r\000a\000r\000y\000\040\000a\000s\000\040\000a\000\040\000T\000h\000e\000r\000m\000o\000d\000y\000n\000a\000m\000i\000c\000\040\000E\000n\000s\000e\000m\000b\000l\000e}{}% 5
\BOOKMARK [1][-]{section.4}{\376\377\000I\000n\000t\000e\000r\000f\000e\000r\000e\000n\000c\000e\000\040\000M\000a\000t\000c\000h\000i\000n\000g}{}% 6
\BOOKMARK [2][-]{subsection.4.1}{\376\377\000I\000n\000t\000e\000r\000f\000e\000r\000e\000n\000c\000e\000\040\000V\000i\000s\000i\000b\000i\000l\000i\000t\000y}{section.4}% 7
\BOOKMARK [2][-]{subsection.4.2}{\376\377\000P\000e\000r\000-\000C\000h\000a\000n\000n\000e\000l\000\040\000D\000e\000c\000o\000m\000p\000o\000s\000i\000t\000i\000o\000n}{section.4}% 8
\BOOKMARK [2][-]{subsection.4.3}{\376\377\000C\000r\000o\000s\000s\000-\000G\000e\000n\000r\000e\000\040\000S\000t\000r\000u\000c\000t\000u\000r\000a\000l\000\040\000S\000i\000m\000i\000l\000a\000r\000i\000t\000y}{section.4}% 9
\BOOKMARK [1][-]{section.5}{\376\377\000R\000e\000n\000d\000e\000r\000i\000n\000g\040\023\000C\000o\000m\000p\000u\000t\000i\000n\000g\040\023\000O\000b\000s\000e\000r\000v\000i\000n\000g\000\040\000I\000d\000e\000n\000t\000i\000t\000y}{}% 10
\BOOKMARK [1][-]{section.6}{\376\377\000P\000u\000r\000p\000o\000s\000e\000-\000T\000r\000a\000i\000n\000e\000d\000\040\000L\000a\000n\000g\000u\000a\000g\000e\000\040\000M\000o\000d\000e\000l\000\040\000I\000n\000t\000e\000r\000f\000a\000c\000e}{}% 11
\BOOKMARK [2][-]{subsection.6.1}{\376\377\000K\000n\000o\000w\000l\000e\000d\000g\000e\000\040\000D\000i\000s\000t\000i\000l\000l\000a\000t\000i\000o\000n\000\040\000f\000r\000o\000m\000\040\000C\000a\000t\000e\000g\000o\000r\000i\000c\000a\000l\000\040\000O\000b\000s\000e\000r\000v\000a\000t\000i\000o\000n\000s}{section.6}% 12
\BOOKMARK [2][-]{subsection.6.2}{\376\377\000P\000r\000o\000m\000p\000t\000-\000t\000o\000-\000T\000h\000e\000r\000m\000o\000d\000y\000n\000a\000m\000i\000c\000-\000O\000p\000e\000r\000a\000t\000i\000o\000n\000\040\000T\000r\000a\000n\000s\000l\000a\000t\000i\000o\000n}{section.6}% 13
\BOOKMARK [2][-]{subsection.6.3}{\376\377\000A\000r\000t\000i\000c\000u\000l\000a\000t\000i\000o\000n\000\040\000o\000f\000\040\000I\000n\000t\000e\000r\000f\000e\000r\000e\000n\000c\000e\000\040\000R\000e\000s\000u\000l\000t\000s}{section.6}% 14
\BOOKMARK [1][-]{section.7}{\376\377\000E\000n\000s\000e\000m\000b\000l\000e\000\040\000E\000n\000r\000i\000c\000h\000m\000e\000n\000t\000\040\000D\000y\000n\000a\000m\000i\000c\000s}{}% 15
\BOOKMARK [1][-]{section.8}{\376\377\000S\000y\000s\000t\000e\000m\000\040\000A\000r\000c\000h\000i\000t\000e\000c\000t\000u\000r\000e}{}% 16
\BOOKMARK [2][-]{subsection.8.1}{\376\377\000C\000o\000m\000p\000o\000n\000e\000n\000t\000\040\0001\000:\000\040\000C\000a\000t\000e\000g\000o\000r\000i\000c\000a\000l\000\040\000O\000b\000s\000e\000r\000v\000a\000t\000i\000o\000n\000\040\000P\000i\000p\000e\000l\000i\000n\000e}{section.8}% 17
\BOOKMARK [2][-]{subsection.8.2}{\376\377\000C\000o\000m\000p\000o\000n\000e\000n\000t\000\040\0002\000:\000\040\000T\000h\000e\000r\000m\000o\000d\000y\000n\000a\000m\000i\000c\000\040\000E\000n\000s\000e\000m\000b\000l\000e\000\040\000E\000n\000g\000i\000n\000e}{section.8}% 18
\BOOKMARK [2][-]{subsection.8.3}{\376\377\000C\000o\000m\000p\000o\000n\000e\000n\000t\000\040\0003\000:\000\040\000I\000n\000t\000e\000r\000f\000e\000r\000e\000n\000c\000e\000\040\000M\000a\000t\000c\000h\000i\000n\000g\000\040\000S\000h\000a\000d\000e\000r}{section.8}% 19
\BOOKMARK [2][-]{subsection.8.4}{\376\377\000C\000o\000m\000p\000o\000n\000e\000n\000t\000\040\0004\000:\000\040\000P\000u\000r\000p\000o\000s\000e\000-\000T\000r\000a\000i\000n\000e\000d\000\040\000L\000a\000n\000g\000u\000a\000g\000e\000\040\000M\000o\000d\000e\000l}{section.8}% 20
\BOOKMARK [2][-]{subsection.8.5}{\376\377\000C\000o\000m\000p\000o\000n\000e\000n\000t\000\040\0005\000:\000\040\000S\000t\000r\000e\000a\000m\000i\000n\000g\000\040\000A\000P\000I\000\040\000I\000n\000t\000e\000g\000r\000a\000t\000i\000o\000n}{section.8}% 21
\BOOKMARK [1][-]{section.9}{\376\377\000C\000o\000m\000p\000a\000r\000i\000s\000o\000n\000\040\000w\000i\000t\000h\000\040\000E\000x\000i\000s\000t\000i\000n\000g\000\040\000S\000y\000s\000t\000e\000m\000s}{}% 22
\BOOKMARK [1][-]{section.10}{\376\377\000D\000i\000s\000c\000u\000s\000s\000i\000o\000n}{}% 23
\BOOKMARK [2][-]{subsection.10.1}{\376\377\000T\000h\000e\000\040\000P\000h\000y\000s\000i\000c\000s\000\040\000F\000r\000a\000m\000i\000n\000g}{section.10}% 24
\BOOKMARK [2][-]{subsection.10.2}{\376\377\000L\000i\000m\000i\000t\000a\000t\000i\000o\000n\000s}{section.10}% 25
\BOOKMARK [2][-]{subsection.10.3}{\376\377\000I\000m\000p\000l\000i\000c\000a\000t\000i\000o\000n\000s}{section.10}% 26
\BOOKMARK [1][-]{section.11}{\376\377\000C\000o\000n\000c\000l\000u\000s\000i\000o\000n}{}% 27
